{"/Users/andrewkos/Documents/projects/reading-list/src/jquery.reading-list.spec.js":{"path":"/Users/andrewkos/Documents/projects/reading-list/src/jquery.reading-list.spec.js","s":{"1":1,"2":0,"3":0,"4":0,"5":0,"6":0,"7":0},"b":{},"f":{"1":0,"2":0,"3":0},"fnMap":{"1":{"name":"(anonymous_1)","line":2,"loc":{"start":{"line":2,"column":25},"end":{"line":2,"column":37}}},"2":{"name":"(anonymous_2)","line":4,"loc":{"start":{"line":4,"column":30},"end":{"line":4,"column":42}}},"3":{"name":"(anonymous_3)","line":12,"loc":{"start":{"line":12,"column":30},"end":{"line":12,"column":42}}}},"statementMap":{"1":{"start":{"line":2,"column":0},"end":{"line":18,"column":3}},"2":{"start":{"line":4,"column":2},"end":{"line":10,"column":5}},"3":{"start":{"line":6,"column":4},"end":{"line":6,"column":17}},"4":{"start":{"line":6,"column":17},"end":{"line":6,"column":25}},"5":{"start":{"line":9,"column":2},"end":{"line":9,"column":42}},"6":{"start":{"line":12,"column":2},"end":{"line":16,"column":5}},"7":{"start":{"line":15,"column":2},"end":{"line":15,"column":42}}},"branchMap":{}}}